<?xml version="1.0" encoding="UTF-8"?>
<!-- Generated by org.testng.reporters.JUnitReportReporter -->
<testsuite hostname="LAPTOP-AFO4I6I2" failures="0" tests="1" name="Data_Supplier_Test.data_supplier" time="0.000" errors="1" timestamp="2022-10-13T12:25:04 IST" skipped="0">
  <testcase classname="Data_Supplier_Test.data_supplier" name="demo" time="0.000">
    <error message="org.joor.ReflectException: java.lang.NoSuchMethodException: Data_Supplier_Library.pojo_for_data_supplier.&lt;init&gt;(java.lang.String,java.lang.String,java.lang.String,java.lang.String)" type="java.lang.RuntimeException">
      <![CDATA[java.lang.RuntimeException: org.joor.ReflectException: java.lang.NoSuchMethodException: Data_Supplier_Library.pojo_for_data_supplier.<init>(java.lang.String,java.lang.String,java.lang.String,java.lang.String)
at org.testng.internal.invokers.MethodInvocationHelper.invokeMethodNoCheckedException(MethodInvocationHelper.java:57)
at org.testng.internal.invokers.MethodInvocationHelper.invokeDataProvider(MethodInvocationHelper.java:157)
at org.testng.internal.Parameters.handleParameters(Parameters.java:791)
at org.testng.internal.Parameters.handleParameters(Parameters.java:728)
at org.testng.internal.invokers.ParameterHandler.handleParameters(ParameterHandler.java:72)
at org.testng.internal.invokers.ParameterHandler.createParameters(ParameterHandler.java:51)
at org.testng.internal.invokers.TestInvoker$MethodInvocationAgent.invoke(TestInvoker.java:917)
at org.testng.internal.invokers.TestInvoker.invokeTestMethods(TestInvoker.java:194)
at org.testng.internal.invokers.TestMethodWorker.invokeTestMethods(TestMethodWorker.java:148)
at org.testng.internal.invokers.TestMethodWorker.run(TestMethodWorker.java:128)
at java.base/java.util.ArrayList.forEach(ArrayList.java:1511)
at org.testng.TestRunner.privateRun(TestRunner.java:806)
at org.testng.TestRunner.run(TestRunner.java:601)
at org.testng.SuiteRunner.runTest(SuiteRunner.java:433)
at org.testng.SuiteRunner.runSequentially(SuiteRunner.java:427)
at org.testng.SuiteRunner.privateRun(SuiteRunner.java:387)
at org.testng.SuiteRunner.run(SuiteRunner.java:330)
at org.testng.SuiteRunnerWorker.runSuite(SuiteRunnerWorker.java:52)
at org.testng.SuiteRunnerWorker.run(SuiteRunnerWorker.java:95)
at org.testng.TestNG.runSuitesSequentially(TestNG.java:1256)
at org.testng.TestNG.runSuitesLocally(TestNG.java:1176)
at org.testng.TestNG.runSuites(TestNG.java:1099)
at org.testng.TestNG.run(TestNG.java:1067)
at org.testng.remote.AbstractRemoteTestNG.run(AbstractRemoteTestNG.java:115)
at org.testng.remote.RemoteTestNG.initAndRun(RemoteTestNG.java:251)
at org.testng.remote.RemoteTestNG.main(RemoteTestNG.java:77)
Caused by: org.joor.ReflectException: java.lang.NoSuchMethodException: Data_Supplier_Library.pojo_for_data_supplier.<init>(java.lang.String,java.lang.String,java.lang.String,java.lang.String)
at org.joor.Reflect.create(Reflect.java:722)
at io.github.sskorol.data.CsvReader.lambda$read$1(CsvReader.java:42)
at java.base/java.util.stream.ReferencePipeline$3$1.accept(ReferencePipeline.java:197)
at java.base/java.util.stream.ReferencePipeline$3$1.accept(ReferencePipeline.java:197)
at java.base/java.util.ArrayList$ArrayListSpliterator.forEachRemaining(ArrayList.java:1625)
at java.base/java.util.stream.AbstractPipeline.copyInto(AbstractPipeline.java:509)
at java.base/java.util.stream.AbstractPipeline.wrapAndCopyInto(AbstractPipeline.java:499)
at java.base/java.util.stream.AbstractPipeline.evaluate(AbstractPipeline.java:575)
at java.base/java.util.stream.AbstractPipeline.evaluateToArrayNode(AbstractPipeline.java:260)
at java.base/java.util.stream.ReferencePipeline.toArray(ReferencePipeline.java:616)
at one.util.streamex.AbstractStreamEx.toArray(AbstractStreamEx.java:390)
at one.util.streamex.AbstractStreamEx.toMutableList(AbstractStreamEx.java:1328)
at one.util.streamex.AbstractStreamEx.toList(AbstractStreamEx.java:1309)
at io.github.sskorol.model.DataSupplierMetaData.transform(DataSupplierMetaData.java:40)
at io.github.sskorol.model.DataSupplierMetaData.<init>(DataSupplierMetaData.java:36)
at io.github.sskorol.core.DataProviderTransformer.getMetaData(DataProviderTransformer.java:64)
at io.github.sskorol.core.DataProviderTransformer.supplySeqData(DataProviderTransformer.java:23)
at java.base/jdk.internal.reflect.NativeMethodAccessorImpl.invoke0(Native Method)
at java.base/jdk.internal.reflect.NativeMethodAccessorImpl.invoke(NativeMethodAccessorImpl.java:77)
at java.base/jdk.internal.reflect.DelegatingMethodAccessorImpl.invoke(DelegatingMethodAccessorImpl.java:43)
at java.base/java.lang.reflect.Method.invoke(Method.java:568)
at org.testng.internal.invokers.MethodInvocationHelper.invokeMethod(MethodInvocationHelper.java:139)
at org.testng.internal.invokers.MethodInvocationHelper.invokeMethod(MethodInvocationHelper.java:84)
at org.testng.internal.invokers.MethodInvocationHelper.invokeMethodNoCheckedException(MethodInvocationHelper.java:53)
... 25 more
Caused by: java.lang.NoSuchMethodException: Data_Supplier_Library.pojo_for_data_supplier.<init>(java.lang.String,java.lang.String,java.lang.String,java.lang.String)
at java.base/java.lang.Class.getConstructor0(Class.java:3585)
at java.base/java.lang.Class.getDeclaredConstructor(Class.java:2754)
at org.joor.Reflect.create(Reflect.java:709)
... 48 more
]]>
    </error>
  </testcase> <!-- demo -->
  <system-out/>
</testsuite> <!-- Data_Supplier_Test.data_supplier -->
